<?xml version="1.0" encoding="UTF-8"?>
<!-- Generated by org.testng.reporters.JUnitReportReporter -->
<testsuite hostname="EET-RG" name="MyTestCase" tests="1" failures="0" timestamp="29 Dec 2016 13:29:39 GMT" time="0.013" errors="0">
  <testcase name="MyTest" time="0.013" classname="MyTestCase"/>
</testsuite> <!-- MyTestCase -->
